\BOOKMARK [0][]{chapter*.6}{INTRODUCCI\323N}{}% 1
\BOOKMARK [0][]{chapter.1}{FUNDAMENTOS TE\323RICOS}{}% 2
\BOOKMARK [1][]{section.1.1}{Series de tiempo}{chapter.1}% 3
\BOOKMARK [1][]{section.1.2}{Bases de Datos Espacio-Temporales}{chapter.1}% 4
\BOOKMARK [1][]{section.1.3}{T\351cnicas de Regresi\363n}{chapter.1}% 5
\BOOKMARK [1][]{section.1.4}{Redes Neuronales}{chapter.1}% 6
\BOOKMARK [1][]{section.1.5}{Interpolaci\363n Espacial}{chapter.1}% 7
\BOOKMARK [1][]{section.1.6}{Miner\355a de Datos}{chapter.1}% 8
\BOOKMARK [0][]{chapter.2}{TRABAJOS RELACIONADOS}{}% 9
\BOOKMARK [0][]{chapter.3}{METODOLOG\315A}{}% 10
\BOOKMARK [1][]{section.3.1}{Identificar y Adquirir Im\341genes Satelitales}{chapter.3}% 11
\BOOKMARK [1][]{section.3.2}{Procesar y Almacenar Informaci\363n}{chapter.3}% 12
\BOOKMARK [1][]{section.3.3}{Selecci\363n, Aplicaci\363n del Modelo de Regresi\363n y Construcci\363n de Serie de Tiempo}{chapter.3}% 13
\BOOKMARK [1][]{section.3.4}{Mapas de Radiaci\363n Aplicando Interpolaci\363n Espacial}{chapter.3}% 14
\BOOKMARK [1][]{section.3.5}{Detecci\363n de Patrones Secuenciales}{chapter.3}% 15
\BOOKMARK [1][]{section.3.6}{Comportamiento de Nubes}{chapter.3}% 16
\BOOKMARK [0][]{chapter.4}{Validaci\363n de Informaci\363n con Estaciones Activas}{}% 17
\BOOKMARK [0][]{chapter.5}{An\341lisis de Resultados}{}% 18
\BOOKMARK [0][]{chapter.6}{An\341lisis de Patr\363n y Nubes en un punto Espec\355fico}{}% 19
\BOOKMARK [0][]{chapter.7}{ CONCLUSIONES}{}% 20
\BOOKMARK [0][]{chapter.8}{TRABAJOS FUTUROS}{}% 21
\BOOKMARK [0][]{chapter*.7}{REFERENCIAS}{}% 22
\BOOKMARK [0][]{chapter*.8}{ANEXOS}{}% 23
